TN:
SF:playwright.config.ts
FN:1,(empty-report)
FNF:1
FNH:0
FNDA:0,(empty-report)
DA:1,0
DA:3,0
DA:4,0
DA:5,0
DA:6,0
DA:7,0
DA:8,0
DA:9,0
DA:10,0
DA:11,0
DA:12,0
DA:13,0
DA:14,0
DA:15,0
DA:16,0
DA:17,0
DA:18,0
LF:17
LH:0
BRDA:1,0,0,0
BRF:1
BRH:0
end_of_record
TN:
SF:vitest.integration.config.ts
FN:1,(empty-report)
FNF:1
FNH:0
FNDA:0,(empty-report)
DA:1,0
DA:3,0
DA:4,0
DA:5,0
DA:6,0
DA:7,0
DA:8,0
DA:9,0
DA:10,0
DA:11,0
DA:12,0
DA:13,0
LF:12
LH:0
BRDA:1,0,0,0
BRF:1
BRH:0
end_of_record
TN:
SF:scripts/filter-es-openapi.mjs
FN:1,(empty-report)
FNF:1
FNH:0
FNDA:0,(empty-report)
DA:1,0
DA:3,0
DA:4,0
DA:5,0
DA:6,0
DA:7,0
DA:8,0
DA:9,0
DA:11,0
DA:12,0
DA:13,0
DA:15,0
DA:17,0
DA:18,0
DA:19,0
DA:20,0
DA:21,0
DA:23,0
DA:24,0
DA:25,0
DA:26,0
DA:27,0
DA:28,0
DA:29,0
DA:30,0
DA:31,0
DA:32,0
DA:33,0
DA:34,0
DA:35,0
DA:36,0
DA:38,0
DA:39,0
DA:40,0
DA:41,0
DA:42,0
DA:43,0
DA:44,0
DA:45,0
DA:46,0
DA:47,0
DA:48,0
DA:49,0
DA:50,0
DA:51,0
DA:52,0
DA:53,0
DA:54,0
DA:55,0
DA:56,0
DA:57,0
DA:59,0
DA:60,0
DA:61,0
DA:62,0
DA:63,0
DA:64,0
DA:65,0
DA:66,0
DA:67,0
DA:68,0
DA:69,0
DA:70,0
DA:71,0
DA:73,0
DA:74,0
DA:75,0
DA:76,0
DA:77,0
DA:78,0
DA:79,0
DA:81,0
DA:82,0
DA:83,0
DA:84,0
DA:86,0
DA:87,0
DA:89,0
DA:90,0
DA:91,0
DA:92,0
DA:93,0
DA:95,0
DA:96,0
DA:98,0
DA:99,0
DA:100,0
DA:101,0
DA:102,0
DA:103,0
DA:104,0
DA:105,0
DA:106,0
DA:107,0
DA:108,0
DA:109,0
DA:110,0
DA:111,0
DA:113,0
DA:114,0
DA:115,0
DA:116,0
DA:117,0
DA:118,0
DA:119,0
DA:120,0
DA:122,0
DA:123,0
DA:124,0
DA:125,0
DA:126,0
DA:127,0
DA:128,0
DA:129,0
DA:130,0
DA:132,0
DA:134,0
DA:135,0
DA:136,0
DA:138,0
DA:139,0
DA:140,0
DA:141,0
DA:142,0
DA:143,0
DA:144,0
DA:145,0
DA:147,0
DA:148,0
DA:149,0
DA:150,0
DA:152,0
DA:153,0
DA:154,0
DA:155,0
DA:156,0
DA:157,0
DA:158,0
DA:160,0
DA:161,0
DA:162,0
DA:163,0
DA:165,0
DA:166,0
DA:167,0
DA:168,0
LF:146
LH:0
BRDA:1,0,0,0
BRF:1
BRH:0
end_of_record
TN:
SF:scripts/screenshot-preflight.mjs
FN:1,(empty-report)
FNF:1
FNH:0
FNDA:0,(empty-report)
DA:1,0
DA:2,0
DA:4,0
DA:5,0
DA:6,0
DA:7,0
DA:8,0
DA:10,0
DA:11,0
DA:12,0
DA:13,0
DA:14,0
DA:15,0
DA:16,0
DA:18,0
DA:19,0
DA:20,0
DA:21,0
DA:22,0
DA:23,0
DA:24,0
DA:26,0
DA:27,0
DA:29,0
DA:30,0
DA:31,0
DA:32,0
DA:33,0
DA:34,0
DA:35,0
DA:36,0
DA:37,0
DA:39,0
DA:40,0
DA:41,0
DA:43,0
DA:44,0
DA:45,0
DA:46,0
DA:48,0
DA:49,0
DA:50,0
DA:52,0
DA:53,0
DA:54,0
DA:55,0
DA:56,0
DA:57,0
DA:58,0
DA:59,0
DA:61,0
DA:62,0
DA:63,0
DA:64,0
DA:65,0
DA:66,0
DA:67,0
DA:68,0
DA:69,0
DA:70,0
DA:71,0
DA:72,0
DA:73,0
DA:74,0
DA:76,0
DA:77,0
DA:78,0
DA:79,0
DA:80,0
DA:81,0
DA:82,0
DA:83,0
DA:84,0
DA:85,0
DA:86,0
DA:87,0
DA:89,0
DA:91,0
DA:92,0
DA:93,0
DA:94,0
DA:96,0
DA:97,0
DA:98,0
DA:99,0
DA:101,0
DA:102,0
DA:104,0
DA:105,0
DA:106,0
DA:107,0
LF:91
LH:0
BRDA:1,0,0,0
BRF:1
BRH:0
end_of_record
TN:
SF:src/App.tsx
FN:1,(empty-report)
FNF:1
FNH:0
FNDA:0,(empty-report)
DA:1,0
DA:2,0
DA:3,0
DA:4,0
DA:5,0
DA:6,0
DA:7,0
DA:8,0
DA:9,0
DA:10,0
DA:11,0
DA:12,0
DA:13,0
DA:14,0
DA:15,0
DA:17,0
DA:19,0
DA:20,0
DA:21,0
DA:22,0
DA:23,0
DA:25,0
DA:26,0
DA:27,0
DA:28,0
DA:29,0
DA:30,0
DA:31,0
DA:32,0
DA:33,0
DA:34,0
DA:35,0
DA:36,0
DA:37,0
DA:38,0
DA:39,0
DA:41,0
DA:42,0
DA:43,0
DA:44,0
DA:45,0
DA:46,0
DA:48,0
DA:50,0
DA:51,0
DA:52,0
DA:53,0
DA:54,0
DA:55,0
DA:56,0
DA:57,0
DA:58,0
DA:59,0
DA:60,0
DA:61,0
DA:62,0
DA:63,0
DA:64,0
DA:66,0
DA:67,0
DA:68,0
DA:69,0
DA:70,0
DA:71,0
DA:72,0
DA:73,0
DA:74,0
DA:75,0
DA:76,0
DA:77,0
DA:78,0
DA:79,0
DA:80,0
DA:81,0
DA:82,0
DA:83,0
DA:85,0
DA:86,0
DA:87,0
DA:88,0
DA:89,0
DA:90,0
DA:91,0
DA:92,0
DA:93,0
DA:94,0
DA:96,0
DA:97,0
DA:98,0
DA:99,0
DA:100,0
DA:101,0
DA:102,0
DA:104,0
LF:94
LH:0
BRDA:1,0,0,0
BRF:1
BRH:0
end_of_record
TN:
SF:src/main.tsx
FN:1,(empty-report)
FNF:1
FNH:0
FNDA:0,(empty-report)
DA:1,0
DA:2,0
DA:3,0
DA:5,0
DA:6,0
DA:7,0
DA:8,0
DA:9,0
LF:8
LH:0
BRDA:1,0,0,0
BRF:1
BRH:0
end_of_record
TN:
SF:src/schemas.ts
FNF:0
FNH:0
DA:1,1
DA:3,1
DA:5,1
DA:6,1
DA:7,1
DA:8,1
DA:9,1
DA:10,1
DA:12,1
DA:13,1
DA:14,1
DA:15,1
DA:17,1
DA:18,1
DA:19,1
DA:20,1
DA:21,1
DA:22,1
DA:23,1
DA:24,1
DA:25,1
DA:27,1
DA:28,1
DA:29,1
DA:30,1
DA:31,1
DA:32,1
DA:33,1
DA:34,1
DA:35,1
DA:36,1
LF:31
LH:31
BRF:0
BRH:0
end_of_record
TN:
SF:src/theme.ts
FN:1,(empty-report)
FNF:1
FNH:0
FNDA:0,(empty-report)
DA:1,0
DA:3,0
DA:4,0
DA:5,0
DA:6,0
DA:7,0
DA:8,0
DA:9,0
DA:10,0
DA:11,0
DA:12,0
DA:13,0
DA:14,0
DA:15,0
DA:16,0
DA:17,0
DA:18,0
DA:19,0
DA:20,0
DA:21,0
DA:22,0
DA:23,0
DA:25,0
DA:26,0
DA:27,0
DA:28,0
DA:29,0
DA:30,0
DA:31,0
DA:32,0
DA:33,0
DA:34,0
DA:36,0
DA:37,0
DA:38,0
DA:39,0
DA:40,0
DA:41,0
DA:42,0
DA:43,0
DA:44,0
DA:45,0
DA:48,0
DA:49,0
DA:52,0
DA:53,0
DA:54,0
DA:55,0
DA:56,0
DA:57,0
DA:58,0
DA:59,0
DA:60,0
DA:61,0
DA:62,0
DA:63,0
DA:64,0
DA:65,0
LF:58
LH:0
BRDA:1,0,0,0
BRF:1
BRH:0
end_of_record
TN:
SF:src/types.ts
FNF:0
FNH:0
DA:76,1
LF:1
LH:1
BRF:0
BRH:0
end_of_record
TN:
SF:src/components/AppHeader.tsx
FN:53,AppHeader
FN:176,onChange
FN:177,onBlur
FN:181,onKeyDown
FN:194,onClick
FN:208,onChange
FN:243,onClick
FN:249,onClick
FN:259,onClose
FN:268,onClick
FN:281,onClick
FN:289,onClose
FN:295,onClick
FN:317,onClick
FN:325,onClick
FN:335,onClick
FN:338,onClose
FN:342,onClick
FN:350,onClick
FN:360,onClose
FN:369,onClick
FN:372,onClick
FNF:22
FNH:2
FNDA:6,AppHeader
FNDA:0,onChange
FNDA:0,onBlur
FNDA:0,onKeyDown
FNDA:0,onClick
FNDA:0,onChange
FNDA:0,onClick
FNDA:0,onClick
FNDA:0,onClose
FNDA:0,onClick
FNDA:0,onClick
FNDA:0,onClose
FNDA:0,onClick
FNDA:0,onClick
FNDA:1,onClick
FNDA:0,onClick
FNDA:0,onClose
FNDA:0,onClick
FNDA:0,onClick
FNDA:0,onClose
FNDA:0,onClick
FNDA:0,onClick
DA:1,1
DA:2,1
DA:3,1
DA:4,1
DA:5,1
DA:6,1
DA:7,1
DA:8,1
DA:9,1
DA:10,1
DA:11,1
DA:12,1
DA:13,1
DA:14,1
DA:15,1
DA:16,1
DA:17,1
DA:18,1
DA:19,1
DA:20,1
DA:21,1
DA:22,1
DA:23,1
DA:24,1
DA:25,1
DA:26,1
DA:27,1
DA:28,1
DA:29,1
DA:30,1
DA:31,1
DA:33,1
DA:35,1
DA:36,1
DA:37,1
DA:38,1
DA:39,1
DA:40,1
DA:41,1
DA:42,1
DA:44,1
DA:45,1
DA:46,1
DA:47,1
DA:48,1
DA:49,1
DA:50,1
DA:51,1
DA:53,6
DA:54,6
DA:55,6
DA:56,6
DA:57,6
DA:58,6
DA:59,6
DA:60,6
DA:61,6
DA:62,6
DA:63,6
DA:64,6
DA:65,6
DA:66,6
DA:67,6
DA:68,6
DA:69,6
DA:70,6
DA:71,6
DA:72,6
DA:73,19
DA:74,19
DA:75,19
DA:76,19
DA:77,19
DA:78,19
DA:79,19
DA:80,19
DA:81,19
DA:82,19
DA:83,19
DA:84,19
DA:85,19
DA:86,19
DA:87,19
DA:88,19
DA:89,6
DA:90,6
DA:92,6
DA:93,6
DA:94,6
DA:95,6
DA:96,6
DA:97,6
DA:99,6
DA:100,6
DA:101,6
DA:102,5
DA:103,6
DA:105,6
DA:106,5
DA:107,4
DA:109,0
DA:110,4
DA:111,4
DA:112,6
DA:114,6
DA:115,0
DA:116,0
DA:117,0
DA:118,0
DA:119,0
DA:120,0
DA:121,0
DA:122,0
DA:123,0
DA:124,6
DA:126,6
DA:127,0
DA:128,0
DA:129,0
DA:130,0
DA:131,0
DA:132,0
DA:133,0
DA:134,0
DA:135,0
DA:136,6
DA:138,6
DA:139,0
DA:140,0
DA:141,0
DA:142,0
DA:143,0
DA:144,0
DA:145,0
DA:146,0
DA:147,0
DA:148,0
DA:149,0
DA:150,0
DA:151,6
DA:153,6
DA:154,6
DA:155,6
DA:156,6
DA:157,6
DA:158,6
DA:159,6
DA:160,6
DA:161,6
DA:162,6
DA:163,6
DA:164,6
DA:165,6
DA:166,6
DA:168,6
DA:170,6
DA:171,5
DA:172,5
DA:173,0
DA:174,0
DA:175,0
DA:176,0
DA:177,0
DA:178,0
DA:179,0
DA:180,0
DA:181,0
DA:182,0
DA:183,0
DA:184,0
DA:185,0
DA:186,0
DA:187,0
DA:188,0
DA:189,0
DA:191,5
DA:192,5
DA:193,5
DA:194,5
DA:195,0
DA:196,0
DA:197,0
DA:199,5
DA:200,5
DA:202,5
DA:205,6
DA:206,5
DA:207,5
DA:208,5
DA:209,5
DA:210,5
DA:212,5
DA:213,5
DA:214,5
DA:215,5
DA:216,5
DA:217,5
DA:218,5
DA:219,5
DA:220,5
DA:221,5
DA:222,5
DA:223,5
DA:224,5
DA:225,5
DA:226,5
DA:227,5
DA:228,5
DA:229,5
DA:230,5
DA:231,5
DA:232,5
DA:233,5
DA:236,6
DA:238,6
DA:239,6
DA:240,6
DA:241,6
DA:242,6
DA:243,6
DA:244,6
DA:245,6
DA:247,6
DA:248,5
DA:249,5
DA:250,5
DA:251,5
DA:252,10
DA:253,5
DA:254,5
DA:255,5
DA:256,5
DA:257,5
DA:258,5
DA:259,5
DA:261,5
DA:262,30
DA:263,30
DA:264,30
DA:265,30
DA:266,5
DA:268,30
DA:269,0
DA:270,0
DA:271,0
DA:273,30
DA:274,30
DA:275,5
DA:276,5
DA:278,5
DA:279,5
DA:280,5
DA:281,5
DA:283,5
DA:284,0
DA:285,5
DA:286,5
DA:287,5
DA:288,5
DA:289,5
DA:291,5
DA:292,30
DA:293,30
DA:294,30
DA:295,30
DA:296,0
DA:297,0
DA:298,0
DA:300,30
DA:301,30
DA:302,5
DA:303,5
DA:305,5
DA:306,5
DA:307,5
DA:308,5
DA:309,5
DA:310,5
DA:312,5
DA:313,5
DA:316,6
DA:317,6
DA:318,6
DA:319,6
DA:320,6
DA:322,6
DA:323,6
DA:324,6
DA:325,6
DA:327,6
DA:328,5
DA:330,1
DA:332,6
DA:333,6
DA:335,6
DA:336,6
DA:337,6
DA:338,6
DA:339,6
DA:340,6
DA:341,6
DA:342,6
DA:343,0
DA:344,0
DA:345,0
DA:346,6
DA:348,6
DA:349,6
DA:350,6
DA:351,0
DA:352,0
DA:353,0
DA:354,6
DA:355,6
DA:357,6
DA:358,6
DA:360,6
DA:361,6
DA:362,6
DA:363,6
DA:366,6
DA:367,6
DA:368,6
DA:369,6
DA:370,6
DA:371,6
DA:372,6
DA:373,0
DA:374,0
DA:375,0
DA:376,6
DA:378,6
DA:379,6
DA:380,6
DA:381,6
DA:382,6
DA:384,6
LF:337
LH:270
BRDA:53,0,0,6
BRDA:99,1,0,0
BRDA:170,2,0,5
BRDA:172,3,0,0
BRDA:205,4,0,5
BRDA:239,5,0,5
BRDA:239,6,0,1
BRDA:240,7,0,5
BRDA:240,8,0,1
BRDA:241,9,0,5
BRDA:241,10,0,1
BRDA:247,11,0,5
BRDA:254,12,0,0
BRDA:283,13,0,0
BRDA:322,14,0,5
BRDA:322,15,0,1
BRDA:327,16,0,5
BRDA:328,17,0,1
BRDA:72,18,0,19
BRDA:101,19,0,5
BRDA:105,20,0,5
BRDA:106,21,0,1
BRDA:106,22,0,4
BRDA:111,23,0,4
BRDA:251,24,0,10
BRDA:252,25,0,5
BRDA:261,26,0,30
BRDA:265,27,0,5
BRDA:283,28,0,15
BRDA:291,29,0,30
BRDA:325,30,0,1
BRDA:325,31,0,0
BRF:32
BRH:27
end_of_record
TN:
SF:src/components/ChartOptionsEditor.tsx
FN:43,FormatEditor
FN:73,onChange
FN:99,onChange
FN:123,onChange
FN:143,ChartOptionsEditor
FN:146,handleFormatChange
FN:173,TimeSeriesOptionsEditor
FN:187,onChange
FN:198,onChange
FN:209,onChange
FN:219,BarChartOptionsEditor
FN:254,GaugeOptionsEditor
FN:295,defaultOptions
FNF:13
FNH:4
FNDA:10,FormatEditor
FNDA:0,onChange
FNDA:0,onChange
FNDA:0,onChange
FNDA:10,ChartOptionsEditor
FNDA:0,handleFormatChange
FNDA:10,TimeSeriesOptionsEditor
FNDA:0,onChange
FNDA:0,onChange
FNDA:0,onChange
FNDA:0,BarChartOptionsEditor
FNDA:0,GaugeOptionsEditor
FNDA:9,defaultOptions
DA:1,1
DA:2,1
DA:3,1
DA:4,1
DA:5,1
DA:6,1
DA:7,1
DA:8,1
DA:9,1
DA:10,1
DA:11,1
DA:27,1
DA:29,1
DA:30,1
DA:31,1
DA:32,1
DA:33,1
DA:34,1
DA:35,1
DA:36,1
DA:43,10
DA:44,10
DA:45,10
DA:46,10
DA:49,10
DA:50,10
DA:51,10
DA:52,10
DA:54,10
DA:55,60
DA:56,60
DA:57,60
DA:58,60
DA:59,10
DA:61,10
DA:62,10
DA:63,0
DA:65,10
DA:66,10
DA:67,10
DA:68,10
DA:69,10
DA:70,10
DA:71,10
DA:72,10
DA:73,10
DA:75,10
DA:76,60
DA:77,0
DA:78,60
DA:79,60
DA:80,60
DA:81,60
DA:82,60
DA:83,400
DA:84,400
DA:85,400
DA:86,60
DA:87,60
DA:88,10
DA:89,10
DA:90,10
DA:92,10
DA:93,10
DA:94,10
DA:95,10
DA:96,10
DA:97,10
DA:98,10
DA:99,10
DA:100,0
DA:101,0
DA:102,0
DA:103,0
DA:104,0
DA:105,0
DA:107,10
DA:108,60
DA:109,60
DA:110,60
DA:111,10
DA:112,10
DA:113,10
DA:115,10
DA:116,10
DA:117,10
DA:118,10
DA:119,10
DA:120,10
DA:122,10
DA:123,10
DA:124,0
DA:125,0
DA:126,0
DA:127,10
DA:129,10
DA:130,10
DA:131,10
DA:132,10
DA:134,10
DA:143,10
DA:144,10
DA:146,10
DA:147,0
DA:148,0
DA:150,10
DA:151,10
DA:152,10
DA:154,10
DA:156,10
DA:158,10
DA:159,10
DA:162,10
DA:163,0
DA:166,10
DA:167,0
DA:169,10
DA:171,10
DA:173,10
DA:174,10
DA:175,10
DA:176,10
DA:179,10
DA:180,10
DA:181,10
DA:182,10
DA:183,10
DA:184,10
DA:185,10
DA:186,10
DA:187,10
DA:188,10
DA:190,10
DA:191,10
DA:192,10
DA:193,10
DA:194,10
DA:195,10
DA:196,10
DA:197,10
DA:198,10
DA:199,10
DA:201,10
DA:202,10
DA:203,10
DA:204,10
DA:205,10
DA:206,10
DA:207,10
DA:208,10
DA:209,10
DA:210,10
DA:212,10
DA:213,10
DA:214,10
DA:215,10
DA:217,10
DA:219,0
DA:220,0
DA:221,0
DA:222,0
DA:225,0
DA:226,0
DA:227,0
DA:228,0
DA:229,0
DA:230,0
DA:231,0
DA:232,0
DA:233,0
DA:234,0
DA:236,0
DA:237,0
DA:238,0
DA:239,0
DA:240,0
DA:241,0
DA:242,0
DA:243,0
DA:244,0
DA:245,0
DA:247,0
DA:248,0
DA:249,0
DA:250,0
DA:252,0
DA:254,0
DA:255,0
DA:256,0
DA:257,0
DA:260,0
DA:261,0
DA:262,0
DA:263,0
DA:264,0
DA:265,0
DA:266,0
DA:267,0
DA:268,0
DA:269,0
DA:270,0
DA:271,0
DA:272,0
DA:273,0
DA:274,0
DA:275,0
DA:276,0
DA:277,0
DA:278,0
DA:279,0
DA:280,0
DA:281,0
DA:282,0
DA:283,0
DA:284,0
DA:285,0
DA:286,0
DA:287,0
DA:288,0
DA:289,0
DA:290,0
DA:291,0
DA:293,0
DA:295,1
DA:296,9
DA:297,9
DA:298,8
DA:299,9
DA:300,0
DA:301,9
DA:302,0
DA:303,9
DA:304,0
DA:305,9
DA:307,1
DA:308,9
DA:309,9
LF:237
LH:153
BRDA:43,0,0,10
BRDA:50,1,0,0
BRDA:62,2,0,0
BRDA:62,3,0,0
BRDA:120,4,0,0
BRDA:54,5,0,60
BRDA:57,6,0,2400
BRDA:58,7,0,400
BRDA:75,8,0,60
BRDA:76,9,0,0
BRDA:82,10,0,400
BRDA:107,11,0,60
BRDA:143,12,0,10
BRDA:162,13,0,0
BRDA:166,14,0,0
BRDA:173,15,0,10
BRDA:295,16,0,9
BRDA:297,17,0,8
BRDA:299,18,0,0
BRDA:301,19,0,0
BRDA:303,20,0,0
BRDA:305,21,0,1
BRF:22
BRH:12
end_of_record
TN:
SF:src/components/ConnectionDialog.tsx
FN:24,ConnectionDialog
FN:103,onClose
FN:121,onChange
FN:126,onChange
FN:141,onChange
FN:147,onClick
FN:162,onChange
FN:169,onChange
FN:175,onClick
FN:193,onClick
FNF:10
FNH:2
FNDA:25,ConnectionDialog
FNDA:0,onClose
FNDA:22,onChange
FNDA:0,onChange
FNDA:0,onChange
FNDA:0,onClick
FNDA:0,onChange
FNDA:0,onChange
FNDA:0,onClick
FNDA:0,onClick
DA:1,1
DA:2,1
DA:3,1
DA:4,1
DA:5,1
DA:6,1
DA:7,1
DA:8,1
DA:9,1
DA:10,1
DA:11,1
DA:12,1
DA:13,1
DA:14,1
DA:15,1
DA:16,1
DA:17,1
DA:18,1
DA:19,1
DA:24,25
DA:25,25
DA:26,25
DA:27,25
DA:28,25
DA:29,25
DA:30,25
DA:32,25
DA:34,25
DA:35,25
DA:36,25
DA:37,25
DA:38,25
DA:39,25
DA:40,25
DA:41,25
DA:43,25
DA:44,25
DA:45,0
DA:46,0
DA:47,0
DA:48,0
DA:49,0
DA:50,0
DA:51,0
DA:53,25
DA:54,0
DA:55,0
DA:56,0
DA:57,0
DA:58,25
DA:60,25
DA:61,0
DA:62,0
DA:63,0
DA:64,0
DA:65,0
DA:66,0
DA:67,0
DA:68,0
DA:69,0
DA:70,0
DA:71,0
DA:72,0
DA:73,0
DA:74,25
DA:76,25
DA:77,0
DA:78,0
DA:79,0
DA:80,0
DA:81,0
DA:82,0
DA:83,0
DA:84,0
DA:85,0
DA:86,0
DA:87,0
DA:88,0
DA:89,0
DA:90,0
DA:91,0
DA:92,0
DA:93,0
DA:94,25
DA:96,25
DA:97,0
DA:98,0
DA:99,0
DA:100,25
DA:102,25
DA:103,25
DA:104,25
DA:105,25
DA:106,25
DA:107,25
DA:111,25
DA:112,25
DA:115,25
DA:116,25
DA:117,25
DA:118,25
DA:119,25
DA:120,25
DA:121,25
DA:122,25
DA:123,25
DA:124,25
DA:125,25
DA:126,25
DA:127,0
DA:128,0
DA:129,0
DA:131,25
DA:132,25
DA:133,25
DA:134,25
DA:135,25
DA:136,25
DA:137,25
DA:138,25
DA:139,25
DA:140,25
DA:141,25
DA:142,25
DA:143,25
DA:144,25
DA:145,25
DA:146,25
DA:147,25
DA:148,25
DA:149,25
DA:150,25
DA:152,25
DA:153,25
DA:154,25
DA:156,25
DA:157,0
DA:158,0
DA:159,0
DA:160,0
DA:161,0
DA:162,0
DA:163,0
DA:164,0
DA:165,0
DA:166,0
DA:167,0
DA:168,0
DA:169,0
DA:170,0
DA:171,0
DA:172,0
DA:173,0
DA:174,0
DA:175,0
DA:176,0
DA:177,0
DA:178,0
DA:180,0
DA:181,0
DA:182,0
DA:183,0
DA:185,25
DA:186,25
DA:187,25
DA:188,25
DA:189,25
DA:191,25
DA:192,25
DA:193,25
DA:194,25
DA:195,25
DA:196,25
DA:197,25
DA:198,25
DA:199,25
DA:200,25
DA:201,25
DA:203,25
LF:179
LH:106
BRDA:24,0,0,25
BRDA:32,1,0,0
BRDA:32,2,0,0
BRDA:34,3,0,0
BRDA:36,4,0,0
BRDA:37,5,0,0
BRDA:38,6,0,0
BRDA:44,7,0,0
BRDA:139,8,0,0
BRDA:148,9,0,0
BRDA:156,10,0,0
BRDA:185,11,0,0
BRDA:195,12,0,0
BRDA:198,13,0,0
BRDA:25,14,0,75
BRDA:26,15,0,75
BRDA:27,16,0,75
BRDA:28,17,0,75
BRDA:29,18,0,75
BRDA:30,19,0,75
BRDA:121,20,0,22
BRF:21
BRH:8
end_of_record
TN:
SF:src/components/DashboardGrid.tsx
FN:1,(empty-report)
FNF:1
FNH:0
FNDA:0,(empty-report)
DA:1,0
DA:2,0
DA:9,0
DA:10,0
DA:11,0
DA:12,0
DA:13,0
DA:14,0
DA:15,0
DA:16,0
DA:17,0
DA:19,0
DA:21,0
DA:22,0
DA:23,0
DA:24,0
DA:25,0
DA:26,0
DA:28,0
DA:29,0
DA:30,0
DA:31,0
DA:32,0
DA:33,0
DA:34,0
DA:35,0
DA:36,0
DA:37,0
DA:38,0
DA:39,0
DA:40,0
DA:41,0
DA:43,0
DA:44,0
DA:45,0
DA:46,0
DA:47,0
DA:48,0
DA:49,0
DA:50,0
DA:51,0
DA:52,0
DA:53,0
DA:54,0
DA:55,0
DA:56,0
DA:57,0
DA:59,0
DA:60,0
DA:61,0
DA:62,0
DA:63,0
DA:64,0
DA:65,0
DA:66,0
DA:67,0
DA:68,0
DA:69,0
DA:71,0
DA:72,0
DA:73,0
DA:74,0
DA:75,0
DA:76,0
DA:77,0
DA:78,0
DA:79,0
DA:80,0
DA:81,0
DA:83,0
DA:85,0
DA:86,0
DA:88,0
DA:89,0
DA:90,0
DA:92,0
DA:93,0
DA:95,0
DA:96,0
DA:97,0
DA:99,0
DA:101,0
DA:102,0
DA:103,0
DA:104,0
DA:105,0
DA:106,0
DA:107,0
DA:108,0
DA:109,0
DA:110,0
DA:111,0
DA:113,0
DA:114,0
DA:115,0
DA:116,0
DA:117,0
DA:118,0
DA:120,0
LF:99
LH:0
BRDA:1,0,0,0
BRF:1
BRH:0
end_of_record
TN:
SF:src/components/DiscoverPage.tsx
FN:1,(empty-report)
FNF:1
FNH:0
FNDA:0,(empty-report)
DA:1,0
DA:2,0
DA:3,0
DA:4,0
DA:5,0
DA:6,0
DA:7,0
DA:8,0
DA:9,0
DA:10,0
DA:11,0
DA:12,0
DA:13,0
DA:14,0
DA:15,0
DA:16,0
DA:17,0
DA:18,0
DA:19,0
DA:20,0
DA:21,0
DA:23,0
DA:24,0
DA:25,0
DA:27,0
DA:28,0
DA:29,0
DA:30,0
DA:31,0
DA:32,0
DA:33,0
DA:34,0
DA:35,0
DA:37,0
DA:38,0
DA:39,0
DA:40,0
DA:41,0
DA:42,0
DA:44,0
DA:45,0
DA:46,0
DA:47,0
DA:48,0
DA:49,0
DA:50,0
DA:52,0
DA:53,0
DA:54,0
DA:55,0
DA:56,0
DA:57,0
DA:58,0
DA:59,0
DA:61,0
DA:62,0
DA:63,0
DA:64,0
DA:65,0
DA:66,0
DA:67,0
DA:68,0
DA:70,0
DA:71,0
DA:72,0
DA:73,0
DA:74,0
DA:75,0
DA:76,0
DA:77,0
DA:78,0
DA:82,0
DA:83,0
DA:84,0
DA:85,0
DA:88,0
DA:89,0
DA:90,0
DA:91,0
DA:92,0
DA:93,0
DA:94,0
DA:96,0
DA:97,0
DA:98,0
DA:99,0
DA:101,0
DA:102,0
DA:103,0
DA:104,0
DA:105,0
DA:106,0
DA:107,0
DA:108,0
DA:109,0
DA:110,0
DA:111,0
DA:112,0
DA:114,0
DA:115,0
DA:116,0
DA:117,0
DA:118,0
DA:119,0
DA:120,0
DA:121,0
DA:122,0
DA:123,0
DA:124,0
DA:125,0
DA:127,0
DA:128,0
DA:129,0
DA:130,0
DA:132,0
DA:133,0
DA:134,0
DA:135,0
DA:136,0
DA:137,0
DA:138,0
DA:139,0
DA:140,0
DA:141,0
DA:142,0
DA:144,0
DA:145,0
DA:146,0
DA:147,0
DA:148,0
DA:150,0
DA:151,0
DA:152,0
DA:153,0
DA:154,0
DA:155,0
DA:156,0
DA:157,0
DA:159,0
DA:160,0
DA:161,0
DA:162,0
DA:163,0
DA:164,0
DA:165,0
DA:166,0
DA:168,0
DA:169,0
DA:171,0
DA:172,0
DA:173,0
DA:175,0
DA:177,0
DA:178,0
DA:179,0
DA:180,0
DA:181,0
DA:182,0
DA:183,0
DA:184,0
DA:185,0
DA:186,0
DA:188,0
DA:189,0
DA:190,0
DA:191,0
DA:192,0
DA:193,0
DA:194,0
DA:195,0
DA:196,0
DA:197,0
DA:198,0
DA:199,0
DA:200,0
DA:201,0
DA:202,0
DA:203,0
DA:204,0
DA:205,0
DA:206,0
DA:207,0
DA:209,0
DA:210,0
DA:211,0
DA:212,0
DA:213,0
DA:214,0
DA:215,0
DA:216,0
DA:217,0
DA:218,0
DA:221,0
DA:222,0
DA:223,0
DA:224,0
DA:225,0
DA:226,0
DA:227,0
DA:228,0
DA:229,0
DA:231,0
DA:232,0
DA:233,0
DA:234,0
DA:236,0
DA:237,0
DA:238,0
DA:239,0
DA:240,0
DA:241,0
DA:242,0
DA:243,0
DA:245,0
DA:246,0
DA:247,0
DA:248,0
DA:249,0
DA:250,0
DA:251,0
DA:252,0
DA:253,0
DA:254,0
DA:256,0
DA:257,0
DA:258,0
DA:259,0
DA:260,0
DA:261,0
DA:262,0
DA:263,0
DA:264,0
DA:265,0
DA:266,0
DA:267,0
DA:269,0
DA:270,0
DA:271,0
DA:272,0
DA:273,0
DA:275,0
DA:278,0
DA:280,0
DA:281,0
DA:282,0
DA:283,0
DA:284,0
DA:285,0
DA:286,0
DA:287,0
DA:288,0
DA:290,0
DA:291,0
DA:292,0
DA:293,0
DA:294,0
DA:295,0
DA:297,0
DA:298,0
DA:299,0
DA:300,0
DA:301,0
DA:302,0
DA:303,0
DA:304,0
DA:305,0
DA:306,0
DA:308,0
DA:309,0
DA:311,0
DA:312,0
DA:313,0
DA:315,0
DA:316,0
DA:317,0
DA:318,0
DA:319,0
DA:320,0
DA:321,0
DA:322,0
DA:324,0
DA:326,0
DA:327,0
DA:328,0
DA:329,0
DA:330,0
DA:331,0
DA:332,0
DA:333,0
DA:334,0
DA:335,0
DA:336,0
DA:337,0
DA:339,0
DA:340,0
DA:341,0
DA:342,0
DA:343,0
DA:344,0
DA:345,0
DA:346,0
DA:347,0
DA:348,0
DA:349,0
DA:350,0
DA:351,0
DA:352,0
DA:353,0
DA:354,0
DA:355,0
DA:356,0
DA:357,0
DA:358,0
DA:359,0
DA:360,0
DA:362,0
DA:363,0
DA:366,0
DA:367,0
DA:368,0
DA:369,0
DA:370,0
DA:371,0
DA:372,0
DA:373,0
DA:374,0
DA:376,0
DA:378,0
DA:379,0
DA:381,0
DA:382,0
DA:383,0
DA:384,0
DA:385,0
DA:386,0
DA:387,0
DA:388,0
DA:390,0
DA:391,0
DA:393,0
DA:394,0
DA:396,0
DA:397,0
DA:398,0
DA:399,0
DA:400,0
DA:401,0
DA:402,0
DA:403,0
DA:405,0
DA:407,0
DA:408,0
DA:410,0
DA:411,0
DA:412,0
DA:414,0
LF:356
LH:0
BRDA:1,0,0,0
BRF:1
BRH:0
end_of_record
TN:
SF:src/components/DocsPage.tsx
FN:1,(empty-report)
FNF:1
FNH:0
FNDA:0,(empty-report)
DA:1,0
DA:2,0
DA:3,0
DA:4,0
DA:5,0
DA:6,0
DA:7,0
DA:8,0
DA:10,0
DA:11,0
DA:12,0
DA:14,0
DA:15,0
DA:16,0
DA:18,0
DA:19,0
DA:20,0
DA:21,0
DA:22,0
DA:23,0
DA:24,0
DA:26,0
DA:27,0
DA:28,0
DA:29,0
DA:30,0
DA:32,0
DA:33,0
DA:34,0
DA:35,0
DA:36,0
DA:38,0
DA:40,0
DA:41,0
DA:42,0
DA:43,0
DA:44,0
DA:45,0
DA:46,0
DA:47,0
DA:48,0
DA:49,0
DA:50,0
DA:51,0
DA:53,0
DA:55,0
DA:56,0
DA:57,0
DA:58,0
DA:59,0
DA:60,0
DA:61,0
DA:63,0
DA:64,0
DA:65,0
DA:67,0
DA:68,0
DA:70,0
DA:71,0
DA:72,0
DA:73,0
DA:74,0
DA:75,0
DA:76,0
DA:77,0
DA:78,0
DA:79,0
DA:81,0
DA:82,0
DA:83,0
DA:84,0
DA:85,0
DA:86,0
DA:87,0
DA:88,0
DA:89,0
DA:90,0
DA:91,0
DA:92,0
DA:93,0
DA:95,0
LF:81
LH:0
BRDA:1,0,0,0
BRF:1
BRH:0
end_of_record
TN:
SF:src/components/PanelContainer.tsx
FN:1,(empty-report)
FNF:1
FNH:0
FNDA:0,(empty-report)
DA:1,0
DA:2,0
DA:3,0
DA:4,0
DA:5,0
DA:6,0
DA:7,0
DA:8,0
DA:9,0
DA:10,0
DA:11,0
DA:12,0
DA:13,0
DA:15,0
DA:17,0
DA:18,0
DA:24,0
DA:25,0
DA:26,0
DA:27,0
DA:29,0
DA:30,0
DA:31,0
DA:32,0
DA:33,0
DA:34,0
DA:35,0
DA:37,0
DA:38,0
DA:40,0
DA:41,0
DA:42,0
DA:44,0
DA:45,0
DA:47,0
DA:48,0
DA:49,0
DA:50,0
DA:51,0
DA:52,0
DA:53,0
DA:54,0
DA:55,0
DA:56,0
DA:57,0
DA:58,0
DA:59,0
DA:60,0
DA:61,0
DA:62,0
DA:63,0
DA:64,0
DA:65,0
DA:66,0
DA:67,0
DA:68,0
DA:69,0
DA:70,0
DA:71,0
DA:72,0
DA:73,0
DA:74,0
DA:75,0
DA:76,0
DA:77,0
DA:78,0
DA:79,0
DA:80,0
DA:82,0
DA:83,0
DA:84,0
DA:85,0
DA:88,0
DA:89,0
DA:90,0
DA:91,0
DA:92,0
DA:94,0
DA:95,0
DA:96,0
DA:97,0
DA:98,0
DA:99,0
DA:100,0
DA:101,0
DA:102,0
DA:103,0
DA:104,0
DA:105,0
DA:107,0
DA:108,0
DA:109,0
DA:110,0
DA:111,0
DA:112,0
DA:113,0
DA:114,0
DA:115,0
DA:116,0
DA:118,0
DA:119,0
DA:120,0
DA:121,0
DA:122,0
DA:123,0
DA:124,0
DA:125,0
DA:126,0
DA:127,0
DA:128,0
DA:129,0
DA:130,0
DA:131,0
DA:132,0
DA:133,0
DA:134,0
DA:135,0
DA:136,0
DA:137,0
DA:138,0
DA:139,0
DA:140,0
DA:141,0
DA:142,0
DA:143,0
DA:144,0
DA:145,0
DA:146,0
DA:147,0
DA:148,0
DA:149,0
DA:151,0
DA:152,0
DA:153,0
DA:154,0
DA:156,0
DA:157,0
DA:158,0
DA:159,0
DA:161,0
DA:162,0
DA:163,0
DA:164,0
DA:165,0
DA:166,0
DA:167,0
DA:168,0
DA:169,0
DA:170,0
DA:171,0
DA:173,0
DA:174,0
DA:175,0
DA:176,0
DA:177,0
DA:178,0
DA:179,0
DA:180,0
DA:181,0
DA:182,0
DA:183,0
DA:184,0
DA:186,0
DA:187,0
DA:188,0
DA:189,0
DA:190,0
DA:191,0
DA:192,0
DA:193,0
DA:194,0
DA:195,0
DA:196,0
DA:197,0
DA:198,0
DA:200,0
DA:201,0
DA:202,0
DA:203,0
DA:205,0
DA:206,0
DA:207,0
DA:208,0
DA:209,0
DA:210,0
DA:211,0
DA:213,0
DA:215,0
DA:216,0
DA:218,0
DA:219,0
DA:221,0
LF:192
LH:0
BRDA:1,0,0,0
BRF:1
BRH:0
end_of_record
TN:
SF:src/components/PanelEditor.tsx
FN:45,PanelEditor
FN:121,onClose
FN:135,onChange
FN:216,onChange
FN:264,onClick
FNF:5
FNH:2
FNDA:11,PanelEditor
FNDA:0,onClose
FNDA:0,onChange
FNDA:1,onChange
FNDA:0,onClick
DA:1,1
DA:2,1
DA:3,1
DA:4,1
DA:5,1
DA:6,1
DA:7,1
DA:8,1
DA:9,1
DA:10,1
DA:11,1
DA:12,1
DA:13,1
DA:14,1
DA:15,1
DA:16,1
DA:17,1
DA:18,1
DA:19,1
DA:20,1
DA:21,1
DA:22,1
DA:23,1
DA:24,1
DA:25,1
DA:32,1
DA:33,1
DA:34,1
DA:36,1
DA:37,1
DA:38,1
DA:39,1
DA:40,1
DA:41,1
DA:42,1
DA:43,1
DA:45,11
DA:46,11
DA:47,11
DA:48,11
DA:49,11
DA:50,11
DA:51,11
DA:52,11
DA:54,11
DA:56,11
DA:57,11
DA:58,11
DA:59,11
DA:60,11
DA:61,11
DA:62,11
DA:64,11
DA:65,6
DA:66,4
DA:67,4
DA:68,4
DA:69,4
DA:70,4
DA:71,4
DA:72,4
DA:73,11
DA:75,11
DA:76,11
DA:77,1
DA:78,1
DA:79,1
DA:80,1
DA:81,1
DA:82,1
DA:83,11
DA:84,11
DA:86,11
DA:87,0
DA:88,0
DA:89,0
DA:90,0
DA:91,0
DA:92,0
DA:93,0
DA:94,0
DA:95,0
DA:96,0
DA:97,0
DA:98,0
DA:99,0
DA:100,11
DA:102,11
DA:104,11
DA:105,1
DA:106,1
DA:107,1
DA:108,11
DA:110,11
DA:111,1
DA:112,1
DA:113,1
DA:114,11
DA:116,11
DA:118,11
DA:119,11
DA:120,11
DA:121,11
DA:122,11
DA:123,11
DA:124,11
DA:126,11
DA:127,11
DA:128,11
DA:130,11
DA:132,11
DA:133,11
DA:134,11
DA:135,11
DA:136,11
DA:137,11
DA:138,11
DA:139,11
DA:140,11
DA:141,11
DA:142,11
DA:143,11
DA:144,11
DA:145,11
DA:146,11
DA:147,11
DA:148,11
DA:149,11
DA:150,11
DA:151,11
DA:153,11
DA:155,11
DA:157,11
DA:158,11
DA:159,11
DA:161,11
DA:163,11
DA:164,11
DA:165,11
DA:166,11
DA:167,11
DA:168,11
DA:169,11
DA:170,11
DA:171,11
DA:172,11
DA:174,11
DA:175,11
DA:176,11
DA:177,11
DA:178,11
DA:179,11
DA:180,11
DA:181,11
DA:182,11
DA:184,11
DA:185,11
DA:186,11
DA:187,11
DA:188,11
DA:189,11
DA:190,11
DA:191,11
DA:192,11
DA:193,11
DA:196,11
DA:197,11
DA:198,11
DA:199,11
DA:200,11
DA:201,11
DA:203,11
DA:205,11
DA:206,11
DA:207,0
DA:208,0
DA:209,0
DA:211,11
DA:213,11
DA:214,11
DA:215,11
DA:216,11
DA:217,11
DA:219,11
DA:220,66
DA:221,66
DA:222,66
DA:223,66
DA:224,66
DA:225,66
DA:226,11
DA:227,11
DA:228,11
DA:230,11
DA:233,11
DA:234,0
DA:235,0
DA:236,0
DA:237,0
DA:239,0
DA:240,0
DA:241,0
DA:242,0
DA:243,0
DA:245,0
DA:249,11
DA:250,10
DA:251,10
DA:252,10
DA:253,10
DA:255,11
DA:257,11
DA:259,11
DA:260,11
DA:262,11
DA:263,11
DA:264,11
DA:265,11
DA:267,11
DA:268,11
DA:269,11
DA:271,11
LF:222
LH:196
BRDA:45,0,0,11
BRDA:116,1,0,10
BRDA:203,2,0,0
BRDA:206,3,0,0
BRDA:230,4,0,0
BRDA:233,5,0,0
BRDA:249,6,0,10
BRDA:46,7,0,37
BRDA:47,8,0,37
BRDA:48,9,0,37
BRDA:49,10,0,37
BRDA:50,11,0,37
BRDA:51,12,0,37
BRDA:52,13,0,37
BRDA:54,14,0,54
BRDA:59,15,0,4
BRDA:64,16,0,6
BRDA:65,17,0,4
BRDA:76,18,0,1
BRDA:79,19,0,0
BRDA:81,20,0,0
BRDA:81,21,0,0
BRDA:104,22,0,1
BRDA:105,23,0,0
BRDA:110,24,0,1
BRDA:111,25,0,0
BRDA:216,26,0,1
BRDA:219,27,0,66
BRF:28
BRH:19
end_of_record
TN:
SF:src/components/WelcomeScreen.tsx
FN:14,WelcomeScreen
FN:29,handleTryDemo
FN:86,onClick
FN:95,onClick
FNF:4
FNH:4
FNDA:13,WelcomeScreen
FNDA:2,handleTryDemo
FNDA:1,onClick
FNDA:2,onClick
DA:1,1
DA:2,1
DA:3,1
DA:4,1
DA:5,1
DA:6,1
DA:7,1
DA:8,1
DA:9,1
DA:10,1
DA:12,1
DA:14,13
DA:15,13
DA:16,13
DA:17,13
DA:19,13
DA:20,13
DA:21,13
DA:23,13
DA:24,6
DA:25,6
DA:26,6
DA:27,13
DA:29,13
DA:30,2
DA:31,2
DA:32,2
DA:33,2
DA:34,2
DA:35,2
DA:36,2
DA:37,2
DA:38,2
DA:39,2
DA:40,2
DA:41,1
DA:42,1
DA:43,1
DA:44,1
DA:45,1
DA:46,2
DA:47,2
DA:48,2
DA:49,2
DA:51,13
DA:52,13
DA:53,13
DA:54,13
DA:55,13
DA:56,13
DA:57,13
DA:58,13
DA:60,13
DA:61,13
DA:62,13
DA:63,13
DA:64,13
DA:65,13
DA:66,13
DA:67,13
DA:69,13
DA:70,13
DA:71,13
DA:72,13
DA:73,13
DA:74,13
DA:75,13
DA:77,13
DA:78,13
DA:79,13
DA:80,13
DA:81,13
DA:82,13
DA:85,13
DA:86,13
DA:88,13
DA:89,13
DA:90,7
DA:91,7
DA:92,7
DA:93,7
DA:94,7
DA:95,7
DA:96,7
DA:97,7
DA:99,7
DA:100,7
DA:101,7
DA:102,1
DA:103,1
DA:104,1
DA:106,7
DA:108,13
DA:109,13
DA:111,13
LF:95
LH:95
BRDA:14,0,0,13
BRDA:89,1,0,7
BRDA:97,2,0,2
BRDA:97,3,0,5
BRDA:99,4,0,2
BRDA:99,5,0,5
BRDA:101,6,0,1
BRDA:15,7,0,42
BRDA:16,8,0,42
BRDA:17,9,0,42
BRDA:23,10,0,6
BRDA:29,11,0,2
BRDA:30,12,0,0
BRDA:40,13,0,1
BRDA:44,14,0,0
BRDA:86,15,0,1
BRDA:95,16,0,2
BRF:17
BRH:15
end_of_record
TN:
SF:src/components/discoverUtils.ts
FN:3,filterEsqlResult
FN:26,filterColumnsByName
FN:32,paginateRows
FN:37,escapeCsvCell
FN:50,toCsv
FNF:5
FNH:5
FNDA:2,filterEsqlResult
FNDA:1,filterColumnsByName
FNDA:3,paginateRows
FNDA:14,escapeCsvCell
FNDA:2,toCsv
DA:3,1
DA:4,2
DA:5,2
DA:6,2
DA:7,2
DA:9,2
DA:10,2
DA:12,2
DA:13,504
DA:14,504
DA:15,252
DA:16,252
DA:17,252
DA:18,504
DA:20,2
DA:21,2
DA:22,2
DA:23,2
DA:24,2
DA:26,1
DA:27,1
DA:28,1
DA:29,1
DA:30,1
DA:32,1
DA:33,3
DA:34,3
DA:35,3
DA:37,14
DA:38,14
DA:39,12
DA:41,14
DA:42,5
DA:43,5
DA:44,14
DA:45,4
DA:46,4
DA:47,8
DA:48,8
DA:50,1
DA:51,2
DA:52,2
DA:53,2
DA:54,2
LF:44
LH:44
BRDA:3,0,0,2
BRDA:7,1,0,0
BRDA:12,2,0,504
BRDA:14,3,0,252
BRDA:22,4,0,1003
BRDA:22,5,0,250006
BRDA:26,6,0,1
BRDA:28,7,0,0
BRDA:29,8,0,5
BRDA:32,9,0,3
BRDA:37,10,0,14
BRDA:38,11,0,13
BRDA:38,12,0,2
BRDA:38,13,0,12
BRDA:41,14,0,5
BRDA:43,15,0,12
BRDA:44,16,0,4
BRDA:46,17,0,8
BRDA:50,18,0,2
BRDA:51,19,0,3
BRDA:52,20,0,8
BRDA:52,21,0,11
BRF:22
BRH:20
end_of_record
TN:
SF:src/components/panelBadgeUtils.ts
FN:2,formatMs
FN:8,formatRowCount
FN:16,formatTimeAgo
FNF:3
FNH:3
FNDA:5,formatMs
FNDA:8,formatRowCount
FNDA:3,formatTimeAgo
DA:2,1
DA:3,5
DA:4,2
DA:5,2
DA:8,1
DA:9,8
DA:10,8
DA:11,2
DA:12,0
DA:13,0
DA:16,1
DA:17,3
DA:18,3
DA:19,2
DA:20,3
DA:21,1
DA:22,1
DA:23,1
LF:18
LH:16
BRDA:2,0,0,5
BRDA:3,1,0,3
BRDA:3,2,0,2
BRDA:8,3,0,8
BRDA:9,4,0,3
BRDA:9,5,0,5
BRDA:10,6,0,3
BRDA:10,7,0,2
BRDA:11,8,0,0
BRDA:16,9,0,3
BRDA:18,10,0,1
BRDA:18,11,0,2
BRDA:20,12,0,1
BRF:13
BRH:12
end_of_record
TN:
SF:src/components/queryEditorExtensions.ts
FN:4,runQueryShortcutExtension
FN:8,run
FNF:2
FNH:1
FNDA:11,runQueryShortcutExtension
FNDA:0,run
DA:1,1
DA:4,1
DA:5,11
DA:6,11
DA:7,11
DA:8,11
DA:9,0
DA:10,0
DA:11,0
DA:12,11
DA:13,11
DA:14,11
LF:12
LH:9
BRDA:4,0,0,11
BRF:1
BRH:1
end_of_record
TN:
SF:src/components/visualizations/BarChart.tsx
FN:1,(empty-report)
FNF:1
FNH:0
FNDA:0,(empty-report)
DA:1,0
DA:2,0
DA:4,0
DA:5,0
DA:6,0
DA:13,0
DA:14,0
DA:15,0
DA:16,0
DA:17,0
DA:19,0
DA:20,0
DA:21,0
DA:23,0
DA:24,0
DA:25,0
DA:27,0
DA:28,0
DA:29,0
DA:30,0
DA:31,0
DA:33,0
DA:35,0
DA:36,0
DA:37,0
DA:38,0
DA:39,0
DA:40,0
DA:41,0
DA:42,0
DA:43,0
DA:44,0
DA:46,0
DA:47,0
DA:48,0
DA:49,0
DA:50,0
DA:51,0
DA:52,0
DA:53,0
DA:54,0
DA:56,0
DA:57,0
DA:58,0
DA:59,0
DA:60,0
DA:61,0
DA:62,0
DA:63,0
DA:65,0
DA:66,0
DA:67,0
DA:68,0
DA:69,0
DA:70,0
DA:71,0
DA:72,0
DA:73,0
DA:74,0
DA:75,0
DA:76,0
DA:77,0
DA:78,0
DA:79,0
DA:80,0
DA:81,0
DA:82,0
DA:84,0
DA:85,0
LF:69
LH:0
BRDA:1,0,0,0
BRF:1
BRH:0
end_of_record
TN:
SF:src/components/visualizations/DataTable.tsx
FN:1,(empty-report)
FNF:1
FNH:0
FNDA:0,(empty-report)
DA:1,0
DA:2,0
DA:3,0
DA:4,0
DA:5,0
DA:6,0
DA:7,0
DA:8,0
DA:9,0
DA:10,0
DA:12,0
DA:13,0
DA:19,0
DA:20,0
DA:21,0
DA:23,0
DA:24,0
DA:25,0
DA:26,0
DA:28,0
DA:29,0
DA:30,0
DA:32,0
DA:34,0
DA:36,0
DA:37,0
DA:38,0
DA:39,0
DA:40,0
DA:41,0
DA:42,0
DA:43,0
DA:44,0
DA:45,0
DA:46,0
DA:47,0
DA:48,0
DA:49,0
DA:51,0
DA:52,0
DA:53,0
DA:54,0
DA:55,0
DA:56,0
DA:57,0
DA:58,0
DA:59,0
DA:60,0
DA:61,0
DA:62,0
DA:63,0
DA:64,0
DA:65,0
DA:66,0
DA:67,0
DA:68,0
DA:69,0
DA:70,0
DA:71,0
DA:72,0
DA:73,0
DA:75,0
DA:76,0
DA:78,0
DA:80,0
DA:82,0
DA:84,0
DA:85,0
DA:86,0
DA:87,0
DA:88,0
DA:89,0
DA:90,0
DA:91,0
DA:92,0
DA:93,0
DA:94,0
DA:95,0
DA:96,0
DA:97,0
DA:98,0
DA:99,0
DA:100,0
DA:101,0
DA:102,0
DA:104,0
LF:86
LH:0
BRDA:1,0,0,0
BRF:1
BRH:0
end_of_record
TN:
SF:src/components/visualizations/EChartWrapper.tsx
FN:1,(empty-report)
FNF:1
FNH:0
FNDA:0,(empty-report)
DA:1,0
DA:2,0
DA:3,0
DA:4,0
DA:11,0
DA:12,0
DA:14,0
DA:15,0
DA:16,0
DA:17,0
DA:18,0
DA:19,0
DA:20,0
DA:21,0
DA:22,0
DA:23,0
DA:24,0
DA:25,0
DA:36,0
DA:37,0
DA:38,0
DA:40,0
DA:41,0
DA:43,0
DA:44,0
DA:45,0
DA:46,0
DA:47,0
DA:49,0
DA:50,0
DA:51,0
DA:53,0
DA:54,0
DA:56,0
DA:57,0
DA:58,0
DA:59,0
DA:60,0
DA:61,0
DA:63,0
DA:64,0
DA:66,0
LF:42
LH:0
BRDA:1,0,0,0
BRF:1
BRH:0
end_of_record
TN:
SF:src/components/visualizations/GaugePanel.tsx
FN:1,(empty-report)
FNF:1
FNH:0
FNDA:0,(empty-report)
DA:1,0
DA:2,0
DA:4,0
DA:5,0
DA:6,0
DA:13,0
DA:14,0
DA:16,0
DA:17,0
DA:18,0
DA:19,0
DA:20,0
DA:22,0
DA:23,0
DA:25,0
DA:26,0
DA:28,0
DA:29,0
DA:30,0
DA:32,0
DA:33,0
DA:34,0
DA:35,0
DA:36,0
DA:37,0
DA:38,0
DA:39,0
DA:40,0
DA:41,0
DA:42,0
DA:43,0
DA:44,0
DA:45,0
DA:46,0
DA:47,0
DA:48,0
DA:49,0
DA:50,0
DA:51,0
DA:52,0
DA:53,0
DA:54,0
DA:55,0
DA:56,0
DA:57,0
DA:58,0
DA:59,0
DA:60,0
DA:61,0
DA:62,0
DA:63,0
DA:64,0
DA:66,0
DA:67,0
LF:54
LH:0
BRDA:1,0,0,0
BRF:1
BRH:0
end_of_record
TN:
SF:src/components/visualizations/PieChart.tsx
FN:1,(empty-report)
FNF:1
FNH:0
FNDA:0,(empty-report)
DA:1,0
DA:3,0
DA:4,0
DA:5,0
DA:11,0
DA:12,0
DA:14,0
DA:15,0
DA:16,0
DA:18,0
DA:19,0
DA:20,0
DA:22,0
DA:23,0
DA:24,0
DA:25,0
DA:26,0
DA:27,0
DA:28,0
DA:30,0
DA:31,0
DA:32,0
DA:33,0
DA:35,0
DA:36,0
DA:37,0
DA:38,0
DA:39,0
DA:40,0
DA:41,0
DA:42,0
DA:43,0
DA:44,0
DA:45,0
DA:46,0
DA:47,0
DA:48,0
DA:49,0
DA:50,0
DA:51,0
DA:52,0
DA:53,0
DA:54,0
DA:55,0
DA:56,0
DA:57,0
DA:58,0
DA:59,0
DA:60,0
DA:61,0
DA:62,0
DA:63,0
DA:64,0
DA:65,0
DA:66,0
DA:68,0
DA:69,0
LF:57
LH:0
BRDA:1,0,0,0
BRF:1
BRH:0
end_of_record
TN:
SF:src/components/visualizations/StatPanel.tsx
FN:1,(empty-report)
FNF:1
FNH:0
FNDA:0,(empty-report)
DA:1,0
DA:2,0
DA:3,0
DA:5,0
DA:6,0
DA:8,0
DA:9,0
DA:10,0
DA:11,0
DA:18,0
DA:19,0
DA:20,0
DA:22,0
DA:23,0
DA:24,0
DA:25,0
DA:26,0
DA:27,0
DA:28,0
DA:29,0
DA:30,0
DA:32,0
DA:33,0
DA:35,0
DA:37,0
DA:38,0
DA:39,0
DA:40,0
DA:42,0
DA:43,0
DA:44,0
DA:45,0
DA:46,0
DA:47,0
DA:48,0
DA:49,0
DA:50,0
DA:51,0
DA:52,0
DA:54,0
DA:55,0
DA:56,0
DA:57,0
DA:58,0
DA:59,0
DA:60,0
DA:61,0
DA:62,0
DA:64,0
DA:65,0
DA:66,0
DA:67,0
DA:68,0
DA:69,0
DA:70,0
DA:71,0
DA:73,0
LF:57
LH:0
BRDA:1,0,0,0
BRF:1
BRH:0
end_of_record
TN:
SF:src/components/visualizations/TimeSeriesChart.tsx
FN:1,(empty-report)
FNF:1
FNH:0
FNDA:0,(empty-report)
DA:1,0
DA:2,0
DA:4,0
DA:5,0
DA:6,0
DA:13,0
DA:14,0
DA:15,0
DA:16,0
DA:17,0
DA:18,0
DA:20,0
DA:21,0
DA:22,0
DA:24,0
DA:25,0
DA:26,0
DA:28,0
DA:29,0
DA:30,0
DA:31,0
DA:33,0
DA:34,0
DA:35,0
DA:36,0
DA:37,0
DA:38,0
DA:39,0
DA:40,0
DA:41,0
DA:42,0
DA:43,0
DA:45,0
DA:46,0
DA:47,0
DA:48,0
DA:49,0
DA:50,0
DA:51,0
DA:52,0
DA:53,0
DA:54,0
DA:55,0
DA:56,0
DA:57,0
DA:58,0
DA:59,0
DA:60,0
DA:61,0
DA:62,0
DA:63,0
DA:64,0
DA:65,0
DA:66,0
DA:67,0
DA:68,0
DA:69,0
DA:70,0
DA:71,0
DA:72,0
DA:73,0
DA:74,0
DA:76,0
DA:77,0
LF:64
LH:0
BRDA:1,0,0,0
BRF:1
BRH:0
end_of_record
TN:
SF:src/components/visualizations/Visualization.tsx
FN:1,(empty-report)
FNF:1
FNH:1
FNDA:1,(empty-report)
DA:10,0
DA:11,0
DA:12,0
DA:13,0
DA:14,0
DA:15,0
DA:23,0
DA:24,0
DA:25,0
DA:26,0
DA:27,0
DA:28,0
DA:29,0
DA:30,0
DA:31,0
DA:32,0
DA:33,0
DA:34,0
DA:35,0
DA:36,0
DA:37,0
DA:38,0
DA:39,0
DA:40,0
LF:24
LH:0
BRDA:1,0,0,1
BRF:1
BRH:1
end_of_record
TN:
SF:src/components/visualizations/chartUtils.ts
FN:20,isDateColumn
FN:24,findDateColumnIndex
FN:28,findNumericColumnIndices
FN:32,findStringColumnIndices
FN:38,getColumnValues
FN:42,isDateType
FN:46,isNumericType
FN:50,formatNumber
FNF:8
FNH:8
FNDA:14,isDateColumn
FNDA:3,findDateColumnIndex
FNDA:3,findNumericColumnIndices
FNDA:3,findStringColumnIndices
FNDA:5,getColumnValues
FNDA:7,isDateType
FNDA:17,isNumericType
FNDA:21,formatNumber
DA:3,1
DA:4,1
DA:5,1
DA:6,1
DA:7,1
DA:8,1
DA:9,1
DA:10,1
DA:11,1
DA:12,1
DA:13,1
DA:14,1
DA:15,1
DA:16,1
DA:17,1
DA:18,1
DA:20,1
DA:21,14
DA:22,14
DA:24,1
DA:25,3
DA:26,3
DA:28,1
DA:29,3
DA:30,3
DA:32,1
DA:33,3
DA:34,3
DA:35,3
DA:36,3
DA:38,1
DA:39,5
DA:40,5
DA:42,1
DA:43,7
DA:44,7
DA:46,1
DA:47,17
DA:48,17
DA:50,1
DA:51,21
DA:52,19
DA:53,21
DA:54,21
DA:55,21
DA:56,21
DA:57,4
DA:58,4
LF:48
LH:48
BRDA:20,0,0,14
BRDA:21,1,0,9
BRDA:24,2,0,3
BRDA:28,3,0,3
BRDA:29,4,0,6
BRDA:29,5,0,2
BRDA:29,6,0,4
BRDA:29,7,0,6
BRDA:32,8,0,3
BRDA:34,9,0,6
BRDA:34,10,0,5
BRDA:34,11,0,2
BRDA:34,12,0,4
BRDA:35,13,0,6
BRDA:38,14,0,5
BRDA:39,15,0,11
BRDA:42,16,0,7
BRDA:46,17,0,17
BRDA:50,18,0,21
BRDA:51,19,0,20
BRDA:51,20,0,2
BRDA:51,21,0,19
BRDA:53,22,0,2
BRDA:53,23,0,17
BRDA:54,24,0,3
BRDA:54,25,0,14
BRDA:55,26,0,3
BRDA:55,27,0,11
BRDA:56,28,0,7
BRDA:56,29,0,4
BRF:30
BRH:30
end_of_record
TN:
SF:src/components/visualizations/useEChartTheme.ts
FN:1,(empty-report)
FNF:1
FNH:0
FNDA:0,(empty-report)
DA:1,0
DA:2,0
DA:8,0
DA:9,0
DA:10,0
DA:12,0
DA:13,0
DA:14,0
DA:15,0
DA:16,0
DA:17,0
DA:18,0
DA:19,0
DA:20,0
DA:21,0
DA:22,0
DA:23,0
DA:24,0
DA:25,0
DA:26,0
DA:27,0
DA:28,0
DA:29,0
DA:30,0
DA:31,0
DA:32,0
DA:33,0
DA:34,0
DA:35,0
DA:36,0
DA:37,0
DA:38,0
DA:39,0
DA:40,0
DA:41,0
DA:42,0
DA:43,0
DA:44,0
DA:45,0
LF:39
LH:0
BRDA:1,0,0,0
BRF:1
BRH:0
end_of_record
TN:
SF:src/dashboards/default.ts
FN:4,createDefaultDashboard
FNF:1
FNH:1
FNDA:44,createDefaultDashboard
DA:2,1
DA:4,1
DA:5,44
DA:6,44
DA:7,44
DA:8,44
DA:9,44
DA:10,44
DA:11,44
DA:12,44
DA:13,44
DA:14,44
DA:15,44
DA:16,44
DA:17,44
DA:18,44
DA:19,44
DA:20,44
DA:21,44
DA:22,44
DA:23,44
DA:24,44
DA:25,44
DA:26,44
DA:27,44
DA:28,44
DA:29,44
DA:30,44
DA:31,44
DA:32,44
DA:33,44
DA:34,44
DA:35,44
DA:36,44
DA:37,44
DA:38,44
DA:39,44
DA:40,44
DA:41,44
DA:42,44
DA:43,44
DA:44,44
DA:45,44
DA:46,44
DA:47,44
DA:48,44
DA:49,44
LF:47
LH:47
BRDA:4,0,0,44
BRF:1
BRH:1
end_of_record
TN:
SF:src/docs/sections.ts
FN:1,(empty-report)
FNF:1
FNH:1
FNDA:1,(empty-report)
DA:8,0
DA:10,0
DA:11,0
DA:12,0
DA:13,0
DA:14,0
DA:15,0
DA:16,0
DA:17,0
DA:18,0
DA:19,0
DA:20,0
DA:21,0
DA:22,0
DA:23,0
DA:24,0
DA:25,0
DA:26,0
DA:27,0
DA:28,0
DA:29,0
DA:30,0
DA:31,0
DA:32,0
DA:33,0
DA:34,0
DA:35,0
DA:36,0
DA:37,0
DA:38,0
DA:39,0
DA:40,0
DA:41,0
DA:42,0
DA:43,0
DA:44,0
DA:45,0
DA:46,0
DA:47,0
DA:48,0
DA:49,0
DA:50,0
DA:51,0
DA:52,0
DA:53,0
DA:54,0
DA:55,0
DA:56,0
DA:57,0
DA:58,0
DA:59,0
DA:60,0
DA:61,0
DA:62,0
DA:63,0
DA:64,0
DA:65,0
DA:66,0
DA:67,0
DA:68,0
DA:69,0
DA:70,0
DA:71,0
DA:72,0
DA:73,0
DA:74,0
DA:75,0
DA:76,0
DA:77,0
DA:78,0
DA:79,0
DA:80,0
DA:81,0
DA:82,0
DA:83,0
DA:84,0
DA:85,0
DA:86,0
DA:87,0
DA:88,0
DA:89,0
DA:90,0
DA:91,0
DA:92,0
DA:93,0
DA:94,0
DA:95,0
DA:96,0
DA:97,0
DA:99,0
LF:90
LH:0
BRDA:1,0,0,1
BRF:1
BRH:1
end_of_record
TN:
SF:src/services/datemath.ts
FN:24,resolveDateTime
FN:40,buildTimeParams
FNF:2
FNH:2
FNDA:20,resolveDateTime
FNDA:4,buildTimeParams
DA:10,1
DA:11,1
DA:12,1
DA:13,1
DA:14,1
DA:15,1
DA:16,1
DA:18,1
DA:24,1
DA:25,20
DA:26,20
DA:28,15
DA:29,20
DA:31,12
DA:32,20
DA:33,20
DA:40,1
DA:41,4
DA:42,4
DA:43,4
DA:44,4
DA:45,4
DA:46,4
DA:48,3
DA:49,3
DA:51,3
DA:52,3
DA:53,3
DA:54,3
DA:55,4
DA:56,2
DA:57,2
DA:58,2
DA:60,3
DA:61,3
LF:35
LH:35
BRDA:24,0,0,20
BRDA:26,1,0,5
BRDA:26,2,0,15
BRDA:29,3,0,3
BRDA:29,4,0,12
BRDA:32,5,0,1
BRDA:32,6,0,11
BRDA:40,7,0,4
BRDA:46,8,0,1
BRDA:46,9,0,1
BRDA:46,10,0,3
BRDA:53,11,0,2
BRDA:53,12,0,1
BRDA:55,13,0,2
BRDA:57,14,0,1
BRDA:57,15,0,1
BRDA:58,16,0,3
BRF:17
BRH:17
end_of_record
TN:
SF:src/services/demo.ts
FN:7,isValidDemoConfig
FN:26,fetchDemoConfig
FNF:2
FNH:2
FNDA:6,isValidDemoConfig
FNDA:13,fetchDemoConfig
DA:7,6
DA:8,6
DA:9,6
DA:10,6
DA:11,6
DA:12,6
DA:13,6
DA:14,5
DA:15,4
DA:16,4
DA:18,6
DA:26,13
DA:27,13
DA:28,13
DA:29,13
DA:30,13
DA:31,13
DA:32,6
DA:33,13
DA:34,13
DA:35,1
DA:36,1
DA:37,13
LF:23
LH:23
BRDA:7,0,0,6
BRDA:8,1,0,0
BRDA:13,2,0,5
BRDA:14,3,0,4
BRDA:15,4,0,4
BRDA:26,5,0,13
BRDA:27,6,0,6
BRDA:27,7,0,0
BRDA:30,8,0,12
BRDA:31,9,0,10
BRDA:31,10,0,6
BRDA:33,11,0,4
BRDA:33,12,0,2
BRDA:34,13,0,1
BRF:14
BRH:12
end_of_record
TN:
SF:src/services/es/client.ts
FN:85,sleepAbortable
FN:91,onAbort
FN:104,<instance_members_initializer>
FN:107,ElasticsearchClient
FN:131,_fetch
FN:193,query
FN:210,getClusterInfo
FN:223,getCapabilities
FN:244,isElasticsearchError
FNF:9
FNH:8
FNDA:3,sleepAbortable
FNDA:0,onAbort
FNDA:23,<instance_members_initializer>
FNDA:23,ElasticsearchClient
FNDA:23,_fetch
FNDA:3,query
FNDA:15,getClusterInfo
FNDA:5,getCapabilities
FNDA:8,isElasticsearchError
DA:81,1
DA:82,1
DA:83,1
DA:85,3
DA:86,3
DA:87,3
DA:88,0
DA:89,0
DA:90,0
DA:91,3
DA:92,0
DA:93,0
DA:94,0
DA:95,3
DA:96,3
DA:97,3
DA:98,3
DA:99,3
DA:100,3
DA:101,3
DA:103,1
DA:104,1
DA:105,23
DA:107,1
DA:108,23
DA:109,23
DA:110,23
DA:111,23
DA:112,23
DA:114,23
DA:115,3
DA:116,3
DA:117,3
DA:118,54
DA:119,54
DA:120,3
DA:121,3
DA:122,23
DA:123,5
DA:124,5
DA:125,23
DA:131,1
DA:132,23
DA:133,23
DA:134,23
DA:135,23
DA:136,23
DA:137,23
DA:138,23
DA:139,23
DA:141,23
DA:142,23
DA:144,23
DA:145,26
DA:146,26
DA:147,26
DA:148,26
DA:149,3
DA:150,3
DA:151,3
DA:152,3
DA:153,3
DA:155,26
DA:156,12
DA:157,12
DA:159,11
DA:160,11
DA:161,11
DA:162,11
DA:163,11
DA:164,1
DA:165,0
DA:166,0
DA:167,26
DA:168,26
DA:170,26
DA:171,8
DA:172,8
DA:174,3
DA:175,3
DA:176,3
DA:177,3
DA:180,3
DA:181,3
DA:182,0
DA:183,0
DA:184,0
DA:185,0
DA:187,23
DA:193,1
DA:194,3
DA:195,3
DA:196,3
DA:197,3
DA:198,3
DA:199,3
DA:200,3
DA:201,3
DA:202,3
DA:203,2
DA:204,3
DA:210,1
DA:211,15
DA:212,15
DA:223,1
DA:224,5
DA:225,5
DA:226,5
DA:227,5
DA:228,5
DA:229,5
DA:230,3
DA:231,5
DA:232,5
DA:233,5
DA:235,2
DA:236,2
DA:237,5
DA:238,1
DA:244,1
DA:245,8
DA:246,6
DA:247,8
DA:248,8
LF:124
LH:112
BRDA:85,0,0,3
BRDA:86,1,0,3
BRDA:87,2,0,0
BRDA:87,3,0,0
BRDA:99,4,0,0
BRDA:95,5,0,3
BRDA:96,6,0,0
BRDA:104,7,0,23
BRDA:107,8,0,23
BRDA:114,9,0,3
BRDA:114,10,0,3
BRDA:117,11,0,54
BRDA:122,12,0,20
BRDA:122,13,0,5
BRDA:131,14,0,23
BRDA:144,15,0,26
BRDA:147,16,0,23
BRDA:148,17,0,3
BRDA:151,18,0,2
BRDA:151,19,0,1
BRDA:153,20,0,23
BRDA:155,21,0,25
BRDA:155,22,0,12
BRDA:157,23,0,11
BRDA:163,24,0,1
BRDA:164,25,0,0
BRDA:165,26,0,0
BRDA:167,27,0,11
BRDA:167,28,0,1
BRDA:170,29,0,4
BRDA:170,30,0,8
BRDA:172,31,0,3
BRDA:177,32,0,21
BRDA:177,33,0,3
BRDA:181,34,0,0
BRDA:193,35,0,3
BRDA:202,36,0,2
BRDA:210,37,0,15
BRDA:223,38,0,5
BRDA:229,39,0,3
BRDA:231,40,0,0
BRDA:233,41,0,2
BRDA:244,42,0,8
BRDA:245,43,0,7
BRDA:245,44,0,2
BRDA:245,45,0,6
BRDA:247,46,0,4
BRF:47
BRH:39
end_of_record
TN:
SF:src/services/es/index.ts
FNF:0
FNH:0
DA:1,1
LF:1
LH:1
BRF:0
BRH:0
end_of_record
TN:
SF:src/store/useDashboardStore.ts
FN:60,getItem
FN:75,setItem
FN:91,removeItem
FN:100,useDashboardStore.name
FN:110,setConnection
FN:111,setConnected
FN:112,setCapabilities
FN:113,setThemeMode
FN:114,setTimeRange
FN:118,setRefreshInterval
FN:126,setDashboardTitle
FN:131,addPanel
FN:140,updatePanel
FN:149,removePanel
FN:158,updatePanelLayouts
FN:170,setEditingPanelId
FN:171,setConnectionDialogOpen
FN:172,setCurrentPage
FN:174,exportDashboard
FN:179,importDashboard
FN:198,loadDefaultDashboard
FN:202,resetState
FN:219,partialize
FNF:23
FNH:19
FNDA:5,getItem
FNDA:81,setItem
FNDA:39,removeItem
FNDA:5,useDashboardStore.name
FNDA:1,setConnection
FNDA:7,setConnected
FNDA:0,setCapabilities
FNDA:1,setThemeMode
FNDA:2,setTimeRange
FNDA:0,setRefreshInterval
FNDA:3,setDashboardTitle
FNDA:6,addPanel
FNDA:3,updatePanel
FNDA:2,removePanel
FNDA:1,updatePanelLayouts
FNDA:6,setEditingPanelId
FNDA:4,setConnectionDialogOpen
FNDA:0,setCurrentPage
FNDA:1,exportDashboard
FNDA:11,importDashboard
FNDA:0,loadDefaultDashboard
FNDA:39,resetState
FNDA:81,partialize
DA:1,1
DA:2,1
DA:10,1
DA:11,1
DA:56,1
DA:57,1
DA:59,1
DA:60,1
DA:61,5
DA:62,5
DA:63,0
DA:64,0
DA:65,0
DA:66,5
DA:67,5
DA:68,0
DA:69,0
DA:70,0
DA:71,0
DA:72,0
DA:73,0
DA:74,5
DA:75,1
DA:76,81
DA:77,81
DA:78,81
DA:79,81
DA:80,81
DA:81,81
DA:82,81
DA:83,5
DA:84,76
DA:85,81
DA:86,81
DA:87,81
DA:88,81
DA:89,81
DA:90,81
DA:91,1
DA:92,39
DA:93,39
DA:94,39
DA:95,39
DA:96,1
DA:98,1
DA:99,1
DA:100,1
DA:101,5
DA:102,5
DA:103,5
DA:104,5
DA:105,5
DA:106,5
DA:107,5
DA:108,5
DA:110,5
DA:111,5
DA:112,5
DA:113,5
DA:114,5
DA:115,2
DA:116,2
DA:117,2
DA:118,5
DA:119,0
DA:120,0
DA:121,0
DA:122,0
DA:123,0
DA:124,0
DA:125,0
DA:126,5
DA:127,3
DA:128,3
DA:129,3
DA:131,5
DA:132,6
DA:133,6
DA:134,6
DA:135,6
DA:136,6
DA:137,6
DA:138,6
DA:140,5
DA:141,3
DA:142,3
DA:143,3
DA:144,3
DA:145,3
DA:146,3
DA:147,3
DA:149,5
DA:150,2
DA:151,2
DA:152,2
DA:153,2
DA:154,2
DA:155,2
DA:156,2
DA:158,5
DA:159,1
DA:160,1
DA:161,1
DA:162,1
DA:163,4
DA:164,4
DA:165,1
DA:166,1
DA:167,1
DA:168,1
DA:170,5
DA:171,5
DA:172,5
DA:174,5
DA:175,1
DA:176,1
DA:177,1
DA:179,5
DA:180,11
DA:181,11
DA:182,11
DA:183,6
DA:184,6
DA:185,6
DA:186,6
DA:187,6
DA:188,6
DA:189,4
DA:190,4
DA:191,11
DA:192,1
DA:193,1
DA:194,1
DA:195,1
DA:196,11
DA:198,5
DA:199,0
DA:200,0
DA:202,5
DA:203,39
DA:204,39
DA:205,39
DA:206,39
DA:207,39
DA:208,39
DA:209,39
DA:210,39
DA:211,39
DA:212,39
DA:213,39
DA:214,39
DA:215,5
DA:216,1
DA:217,1
DA:218,1
DA:219,1
DA:220,81
DA:221,81
DA:222,81
DA:223,81
DA:224,1
DA:225,1
DA:226,1
LF:163
LH:145
BRDA:60,0,0,5
BRDA:62,1,0,0
BRDA:66,2,0,0
BRDA:67,3,0,0
BRDA:75,4,0,81
BRDA:76,5,0,5
BRDA:76,6,0,78
BRDA:77,7,0,5
BRDA:77,8,0,79
BRDA:82,9,0,5
BRDA:83,10,0,76
BRDA:91,11,0,39
BRDA:100,12,0,5
BRDA:110,13,0,1
BRDA:111,14,0,7
BRDA:113,15,0,1
BRDA:114,16,0,2
BRDA:115,17,0,2
BRDA:126,18,0,3
BRDA:127,19,0,3
BRDA:131,20,0,6
BRDA:132,21,0,6
BRDA:140,22,0,3
BRDA:141,23,0,3
BRDA:144,24,0,13
BRDA:144,25,0,3
BRDA:144,26,0,10
BRDA:149,27,0,2
BRDA:150,28,0,2
BRDA:153,29,0,10
BRDA:158,30,0,1
BRDA:159,31,0,1
BRDA:162,32,0,4
BRDA:164,33,0,1
BRDA:164,34,0,3
BRDA:163,35,0,4
BRDA:170,36,0,6
BRDA:171,37,0,4
BRDA:174,38,0,1
BRDA:179,39,0,11
BRDA:182,40,0,6
BRDA:188,41,0,4
BRDA:191,42,0,1
BRDA:192,43,0,0
BRDA:184,44,0,10
BRDA:202,45,0,39
BRDA:219,46,0,81
BRF:47
BRH:43
end_of_record
